Using pre-set license
Built from '2020.3/staging' branch; Version is '2020.3.5f1 (8095aa901b9b) revision 8426922'; Using compiler version '192528614'; Build Type 'Release'
OS: 'Windows 10 Home; OS build 19041.1052; Version 2004; 64bit' Language: 'uk' Physical Memory: 16319 MB
BatchMode: 1, IsHumanControllingUs: 0, StartBugReporterOnCrash: 0, Is64bit: 1, IsPro: 0

 COMMAND LINE ARGUMENTS:
D:\Unity\Editors\2020.3.5f1\Editor\Unity.exe
-adb2
-batchMode
-noUpm
-name
AssetImportWorker0
-projectPath
D:/Unity/My projects/Simulation
-logFile
Logs/AssetImportWorker0.log
-srvPort
58361
Successfully changed project path to: D:/Unity/My projects/Simulation
D:/Unity/My projects/Simulation
Using Asset Import Pipeline V2.
Refreshing native plugins compatible for Editor in 27.94 ms, found 0 plugins.
Preloading 0 native plugins for Editor in 0.00 ms.
Initialize engine version: 2020.3.5f1 (8095aa901b9b)
[Subsystems] Discovering subsystems at path D:/Unity/Editors/2020.3.5f1/Editor/Data/Resources/UnitySubsystems
[Subsystems] Discovering subsystems at path D:/Unity/My projects/Simulation/Assets
GfxDevice: creating device client; threaded=0
Direct3D:
    Version:  Direct3D 11.0 [level 11.1]
    Renderer: NVIDIA GeForce GTX 1060 (ID=0x1c60)
    Vendor:   
    VRAM:     6052 MB
    Driver:   27.21.14.6677
Initialize mono
Mono path[0] = 'D:/Unity/Editors/2020.3.5f1/Editor/Data/Managed'
Mono path[1] = 'D:/Unity/Editors/2020.3.5f1/Editor/Data/MonoBleedingEdge/lib/mono/unityjit'
Mono config path = 'D:/Unity/Editors/2020.3.5f1/Editor/Data/MonoBleedingEdge/etc'
Using monoOptions --debugger-agent=transport=dt_socket,embedding=1,server=y,suspend=n,address=127.0.0.1:56184
Begin MonoManager ReloadAssembly
Registering precompiled unity dll's ...
Register platform support module: D:/Unity/Editors/2020.3.5f1/Editor/Data/PlaybackEngines/WindowsStandaloneSupport/UnityEditor.WindowsStandalone.Extensions.dll
Registered in 0.001220 seconds.
Native extension for WindowsStandalone target not found
Refreshing native plugins compatible for Editor in 27.52 ms, found 0 plugins.
Preloading 0 native plugins for Editor in 0.00 ms.
Mono: successfully reloaded assembly
- Completed reload, in  2.369 seconds
Platform modules already initialized, skipping
Registering precompiled user dll's ...
Registered in 0.000845 seconds.
Begin MonoManager ReloadAssembly
Native extension for WindowsStandalone target not found
Refreshing native plugins compatible for Editor in 0.20 ms, found 0 plugins.
Preloading 0 native plugins for Editor in 0.00 ms.
Mono: successfully reloaded assembly
- Completed reload, in  1.068 seconds
Platform modules already initialized, skipping
========================================================================
Worker process is ready to serve import requests
Launched and connected shader compiler UnityShaderCompiler.exe after 0.11 seconds
Refreshing native plugins compatible for Editor in 0.52 ms, found 0 plugins.
Preloading 0 native plugins for Editor in 0.00 ms.
Unloading 1115 Unused Serialized files (Serialized files now loaded: 0)
System memory in use before: 57.1 MB.
System memory in use after: 57.1 MB.

Unloading 10 unused Assets to reduce memory usage. Loaded Objects now: 1557.
Total: 7.587600 ms (FindLiveObjects: 0.326300 ms CreateObjectMapping: 0.084400 ms MarkObjects: 7.068400 ms  DeleteObjects: 0.106400 ms)

========================================================================
Received Import Request.
  path: Assets/Scenes
  artifactKey: Guid(bb3d929d15be2bf45a5a484bec31bd5d) Importer(815301076,1909f56bfc062723c751e8b465ee728b)
Start importing Assets/Scenes using Guid(bb3d929d15be2bf45a5a484bec31bd5d) Importer(815301076,1909f56bfc062723c751e8b465ee728b)  -> (artifact id: '45956872de6278765a2c655efbcb974a') in 0.043123 seconds
  Import took 0.047014 seconds .

========================================================================
Received Import Request.
  Time since last request: 582.137213 seconds.
  path: Assets/Scenes/SampleScene.unity
  artifactKey: Guid(9fc0d4010bbf28b4594072e72b8655ab) Importer(815301076,1909f56bfc062723c751e8b465ee728b)
Start importing Assets/Scenes/SampleScene.unity using Guid(9fc0d4010bbf28b4594072e72b8655ab) Importer(815301076,1909f56bfc062723c751e8b465ee728b)  -> (artifact id: '02a2e40e81d35f9ada7821be9923d9eb') in 0.022846 seconds
  Import took 0.025517 seconds .

========================================================================
Received Import Request.
  Time since last request: 12.603296 seconds.
  path: Assets/Scenes/Main Scene.unity
  artifactKey: Guid(9fc0d4010bbf28b4594072e72b8655ab) Importer(815301076,1909f56bfc062723c751e8b465ee728b)
Start importing Assets/Scenes/Main Scene.unity using Guid(9fc0d4010bbf28b4594072e72b8655ab) Importer(815301076,1909f56bfc062723c751e8b465ee728b)  -> (artifact id: 'ae609223c98be8b7183bb55fbcf67fc0') in 0.013677 seconds
  Import took 0.016008 seconds .

========================================================================
Received Import Request.
  Time since last request: 1.293464 seconds.
  path: Assets
  artifactKey: Guid(00000000000000001000000000000000) Importer(815301076,1909f56bfc062723c751e8b465ee728b)
Start importing Assets using Guid(00000000000000001000000000000000) Importer(815301076,1909f56bfc062723c751e8b465ee728b)  -> (artifact id: 'e4856052512617ee48189cf1d7999900') in 0.010522 seconds
  Import took 0.012731 seconds .

========================================================================
Received Import Request.
  Time since last request: 6.954269 seconds.
  path: Assets/Script
  artifactKey: Guid(7c84373094816c6469de9ee4e0eafeb1) Importer(815301076,1909f56bfc062723c751e8b465ee728b)
Start importing Assets/Script using Guid(7c84373094816c6469de9ee4e0eafeb1) Importer(815301076,1909f56bfc062723c751e8b465ee728b)  -> (artifact id: '3c56442b3e4222a91f6fa103350cf9cf') in 0.011627 seconds
  Import took 0.013573 seconds .

========================================================================
Received Import Request.
  Time since last request: 9.314022 seconds.
  path: Assets/Prefab
  artifactKey: Guid(79ab0731de201a948aa1c674b8a3d5e3) Importer(815301076,1909f56bfc062723c751e8b465ee728b)
Start importing Assets/Prefab using Guid(79ab0731de201a948aa1c674b8a3d5e3) Importer(815301076,1909f56bfc062723c751e8b465ee728b)  -> (artifact id: '23b87dffa9202c512bd87ac9ad3ef1ec') in 0.011319 seconds
  Import took 0.013462 seconds .

========================================================================
Received Import Request.
  Time since last request: 15.796950 seconds.
  path: Assets/Prefabs
  artifactKey: Guid(79ab0731de201a948aa1c674b8a3d5e3) Importer(815301076,1909f56bfc062723c751e8b465ee728b)
Start importing Assets/Prefabs using Guid(79ab0731de201a948aa1c674b8a3d5e3) Importer(815301076,1909f56bfc062723c751e8b465ee728b)  -> (artifact id: 'dc359fa63d4ee6e6c96e0b4dec4412b6') in 0.010301 seconds
  Import took 0.012616 seconds .

========================================================================
Received Import Request.
  Time since last request: 3.437636 seconds.
  path: Assets/Scripts
  artifactKey: Guid(7c84373094816c6469de9ee4e0eafeb1) Importer(815301076,1909f56bfc062723c751e8b465ee728b)
Start importing Assets/Scripts using Guid(7c84373094816c6469de9ee4e0eafeb1) Importer(815301076,1909f56bfc062723c751e8b465ee728b)  -> (artifact id: '16fb3d1f5af427a7fe2c0bea7a642349') in 0.010250 seconds
  Import took 0.012389 seconds .

========================================================================
Received Import Request.
  Time since last request: 22.518359 seconds.
  path: Assets/Materials
  artifactKey: Guid(90346f2a29806a240af842145de50fba) Importer(815301076,1909f56bfc062723c751e8b465ee728b)
Start importing Assets/Materials using Guid(90346f2a29806a240af842145de50fba) Importer(815301076,1909f56bfc062723c751e8b465ee728b)  -> (artifact id: '74864c8dbf6177c38ba0c6d9a4b0d4bb') in 0.011315 seconds
  Import took 0.013427 seconds .

========================================================================
Received Import Request.
  Time since last request: 389.807715 seconds.
  path: Assets/Materials/Agent Material.mat
  artifactKey: Guid(c6bba27778607974da80950be07d4008) Importer(815301076,1909f56bfc062723c751e8b465ee728b)
Start importing Assets/Materials/Agent Material.mat using Guid(c6bba27778607974da80950be07d4008) Importer(815301076,1909f56bfc062723c751e8b465ee728b)  -> (artifact id: '1d58b2c1f294076a674d502eeda9fc70') in 0.163684 seconds
  Import took 0.167042 seconds .

========================================================================
Received Import Request.
  Time since last request: 97.835556 seconds.
  path: Assets/Materials/New Physic Material.physicMaterial
  artifactKey: Guid(ea3383e9d2e3cc94c8ad9499d5a8ad99) Importer(815301076,1909f56bfc062723c751e8b465ee728b)
Start importing Assets/Materials/New Physic Material.physicMaterial using Guid(ea3383e9d2e3cc94c8ad9499d5a8ad99) Importer(815301076,1909f56bfc062723c751e8b465ee728b)  -> (artifact id: '8ca5ccec7c74f5e8fea0650c687045a5') in 0.014714 seconds
  Import took 0.016956 seconds .

========================================================================
Received Import Request.
  Time since last request: 0.002038 seconds.
  path: Assets/Materials/New Physic Material.physicMaterial
  artifactKey: Guid(ea3383e9d2e3cc94c8ad9499d5a8ad99) Importer(815301076,1909f56bfc062723c751e8b465ee728b)
Start importing Assets/Materials/New Physic Material.physicMaterial using Guid(ea3383e9d2e3cc94c8ad9499d5a8ad99) Importer(815301076,1909f56bfc062723c751e8b465ee728b)  -> (artifact id: '8ca5ccec7c74f5e8fea0650c687045a5') in 0.003935 seconds
  Import took 0.006232 seconds .

========================================================================
Received Import Request.
  Time since last request: 18.034892 seconds.
  path: Assets/Materials/Agent Physic Material.physicMaterial
  artifactKey: Guid(ea3383e9d2e3cc94c8ad9499d5a8ad99) Importer(815301076,1909f56bfc062723c751e8b465ee728b)
Start importing Assets/Materials/Agent Physic Material.physicMaterial using Guid(ea3383e9d2e3cc94c8ad9499d5a8ad99) Importer(815301076,1909f56bfc062723c751e8b465ee728b)  -> (artifact id: '60cf72a8e3d100b4d78b26f95fe9a37d') in 0.011841 seconds
  Import took 0.014170 seconds .

========================================================================
Received Import Request.
  Time since last request: 11.744533 seconds.
  path: Assets/Prefabs/Agent Sphere.prefab
  artifactKey: Guid(7fa564e2eb5cd2840b2de605983bdc10) Importer(815301076,1909f56bfc062723c751e8b465ee728b)
Start importing Assets/Prefabs/Agent Sphere.prefab using Guid(7fa564e2eb5cd2840b2de605983bdc10) Importer(815301076,1909f56bfc062723c751e8b465ee728b)  -> (artifact id: '13273f477373d9f5be923116c55b39df') in 0.077626 seconds
  Import took 0.080172 seconds .

========================================================================
Received Import Request.
  Time since last request: 27.822899 seconds.
  path: Assets/Scripts/Agent.cs
  artifactKey: Guid(ce0173ce3aa777c44b2f6eb80b574278) Importer(815301076,1909f56bfc062723c751e8b465ee728b)
Start importing Assets/Scripts/Agent.cs using Guid(ce0173ce3aa777c44b2f6eb80b574278) Importer(815301076,1909f56bfc062723c751e8b465ee728b)  -> (artifact id: '514b10bffe5d8a34077286e6d7d05b6a') in 0.019934 seconds
  Import took 0.022607 seconds .

========================================================================
Received Import Request.
  Time since last request: 0.001184 seconds.
  path: Assets/Scripts/Agent.cs
  artifactKey: Guid(ce0173ce3aa777c44b2f6eb80b574278) Importer(815301076,1909f56bfc062723c751e8b465ee728b)
Start importing Assets/Scripts/Agent.cs using Guid(ce0173ce3aa777c44b2f6eb80b574278) Importer(815301076,1909f56bfc062723c751e8b465ee728b)  -> (artifact id: '514b10bffe5d8a34077286e6d7d05b6a') in 0.004294 seconds
  Import took 0.006580 seconds .

========================================================================
Received Prepare
Registering precompiled user dll's ...
Registered in 0.000725 seconds.
Begin MonoManager ReloadAssembly
Native extension for WindowsStandalone target not found
Refreshing native plugins compatible for Editor in 0.22 ms, found 0 plugins.
Preloading 0 native plugins for Editor in 0.00 ms.
Mono: successfully reloaded assembly
- Completed reload, in  0.940 seconds
Platform modules already initialized, skipping
Refreshing native plugins compatible for Editor in 0.20 ms, found 0 plugins.
Preloading 0 native plugins for Editor in 0.00 ms.
Unloading 1111 Unused Serialized files (Serialized files now loaded: 0)
System memory in use before: 60.5 MB.
System memory in use after: 60.5 MB.

Unloading 5 unused Assets to reduce memory usage. Loaded Objects now: 1602.
Total: 2.055100 ms (FindLiveObjects: 0.129600 ms CreateObjectMapping: 0.036100 ms MarkObjects: 1.807700 ms  DeleteObjects: 0.080800 ms)

========================================================================
Received Import Request.
  Time since last request: 19.294970 seconds.
  path: Assets/Prefabs/Agent Sphere.prefab
  artifactKey: Guid(7fa564e2eb5cd2840b2de605983bdc10) Importer(815301076,1909f56bfc062723c751e8b465ee728b)
Start importing Assets/Prefabs/Agent Sphere.prefab using Guid(7fa564e2eb5cd2840b2de605983bdc10) Importer(815301076,1909f56bfc062723c751e8b465ee728b)  -> (artifact id: '19796d3be4d421b1caaa74948a88aa13') in 0.070722 seconds
  Import took 0.073529 seconds .

========================================================================
Received Import Request.
  Time since last request: 204.872267 seconds.
  path: ProjectSettings/TagManager.asset
  artifactKey: Guid(00000000000000003000000000000000) Importer(815301076,1909f56bfc062723c751e8b465ee728b)
Start importing ProjectSettings/TagManager.asset using Guid(00000000000000003000000000000000) Importer(815301076,1909f56bfc062723c751e8b465ee728b)  -> (artifact id: '0cf9088148c8a3cbd29f9a356fcbb966') in 0.011652 seconds
  Import took 0.013696 seconds .

========================================================================
Received Import Request.
  Time since last request: 0.039696 seconds.
  path: ProjectSettings/TagManager.asset
  artifactKey: Guid(00000000000000003000000000000000) Importer(815301076,1909f56bfc062723c751e8b465ee728b)
Start importing ProjectSettings/TagManager.asset using Guid(00000000000000003000000000000000) Importer(815301076,1909f56bfc062723c751e8b465ee728b)  -> (artifact id: '0cf9088148c8a3cbd29f9a356fcbb966') in 0.004393 seconds
  Import took 0.006681 seconds .

========================================================================
Received Import Request.
  Time since last request: 18.740476 seconds.
  path: Assets/Prefabs/Agent Sphere.prefab
  artifactKey: Guid(7fa564e2eb5cd2840b2de605983bdc10) Importer(815301076,1909f56bfc062723c751e8b465ee728b)
Start importing Assets/Prefabs/Agent Sphere.prefab using Guid(7fa564e2eb5cd2840b2de605983bdc10) Importer(815301076,1909f56bfc062723c751e8b465ee728b)  -> (artifact id: '8ee2ff9afc6c1387a8c1f1a324e9b382') in 0.017683 seconds
  Import took 0.020675 seconds .

========================================================================
Received Prepare
Registering precompiled user dll's ...
Registered in 0.000767 seconds.
Begin MonoManager ReloadAssembly
Native extension for WindowsStandalone target not found
Refreshing native plugins compatible for Editor in 0.21 ms, found 0 plugins.
Preloading 0 native plugins for Editor in 0.00 ms.
Mono: successfully reloaded assembly
- Completed reload, in  0.919 seconds
Platform modules already initialized, skipping
Refreshing native plugins compatible for Editor in 0.21 ms, found 0 plugins.
Preloading 0 native plugins for Editor in 0.00 ms.
Unloading 1111 Unused Serialized files (Serialized files now loaded: 0)
System memory in use before: 60.5 MB.
System memory in use after: 60.6 MB.

Unloading 7 unused Assets to reduce memory usage. Loaded Objects now: 1606.
Total: 2.153300 ms (FindLiveObjects: 0.195300 ms CreateObjectMapping: 0.039200 ms MarkObjects: 1.797600 ms  DeleteObjects: 0.119600 ms)

========================================================================
Received Import Request.
  Time since last request: 721.551435 seconds.
  path: Assets/Scripts/Agent.cs
  artifactKey: Guid(ce0173ce3aa777c44b2f6eb80b574278) Importer(815301076,1909f56bfc062723c751e8b465ee728b)
Start importing Assets/Scripts/Agent.cs using Guid(ce0173ce3aa777c44b2f6eb80b574278) Importer(815301076,1909f56bfc062723c751e8b465ee728b)  -> (artifact id: 'f527b73018337f5100c431fe0943dea5') in 0.006037 seconds
  Import took 0.008496 seconds .

========================================================================
Received Import Request.
  Time since last request: 11.298325 seconds.
  path: Assets/Animations
  artifactKey: Guid(47073e5b9ca388e40b2dc1c55738a0f6) Importer(815301076,1909f56bfc062723c751e8b465ee728b)
Start importing Assets/Animations using Guid(47073e5b9ca388e40b2dc1c55738a0f6) Importer(815301076,1909f56bfc062723c751e8b465ee728b)  -> (artifact id: 'd13f72802c288ecdf7fb9438db39249a') in 0.011064 seconds
  Import took 0.013355 seconds .

========================================================================
Received Import Request.
  Time since last request: 12.882931 seconds.
  path: Assets/Animations/Agent Animator Controller.controller
  artifactKey: Guid(6fcffec33f8eb424db538ff7d7ba1557) Importer(815301076,1909f56bfc062723c751e8b465ee728b)
Start importing Assets/Animations/Agent Animator Controller.controller using Guid(6fcffec33f8eb424db538ff7d7ba1557) Importer(815301076,1909f56bfc062723c751e8b465ee728b)  -> (artifact id: '469e1aa06a55e0b92f7823d10a28b95f') in 0.067466 seconds
  Import took 0.070076 seconds .

========================================================================
Received Import Request.
  Time since last request: 3.769011 seconds.
  path: Assets/Prefabs/Agent Sphere.prefab
  artifactKey: Guid(7fa564e2eb5cd2840b2de605983bdc10) Importer(815301076,1909f56bfc062723c751e8b465ee728b)
Start importing Assets/Prefabs/Agent Sphere.prefab using Guid(7fa564e2eb5cd2840b2de605983bdc10) Importer(815301076,1909f56bfc062723c751e8b465ee728b)  -> (artifact id: '6c5ecc5ba0176cb8dabb2b046c7eaa2f') in 0.056926 seconds
  Import took 0.059888 seconds .

========================================================================
Received Import Request.
  Time since last request: 21.338295 seconds.
  path: Assets/Prefabs/Agent Sphere.prefab
  artifactKey: Guid(7fa564e2eb5cd2840b2de605983bdc10) Importer(815301076,1909f56bfc062723c751e8b465ee728b)
Start importing Assets/Prefabs/Agent Sphere.prefab using Guid(7fa564e2eb5cd2840b2de605983bdc10) Importer(815301076,1909f56bfc062723c751e8b465ee728b)  -> (artifact id: 'caa7f4d99036b91ffcd3b3d2e2b53374') in 0.013655 seconds
  Import took 0.016420 seconds .

========================================================================
Received Import Request.
  Time since last request: 21.916404 seconds.
  path: Assets/Prefabs/Agent Sphere.prefab
  artifactKey: Guid(7fa564e2eb5cd2840b2de605983bdc10) Importer(815301076,1909f56bfc062723c751e8b465ee728b)
Start importing Assets/Prefabs/Agent Sphere.prefab using Guid(7fa564e2eb5cd2840b2de605983bdc10) Importer(815301076,1909f56bfc062723c751e8b465ee728b) The Animator Controller (Agent Animator Controller) you have used is not valid. Animations will not play
UnityEngine.StackTraceUtility:ExtractStackTrace ()
UnityEditor.EditorUtility:Internal_InstantiateRemoveAllNonAnimationComponentsSingle (UnityEngine.Object,UnityEngine.Vector3,UnityEngine.Quaternion)
UnityEditor.EditorUtility:InstantiateRemoveAllNonAnimationComponents (UnityEngine.Object,UnityEngine.Vector3,UnityEngine.Quaternion)
UnityEditor.EditorUtility:InstantiateForAnimatorPreview (UnityEngine.Object)
UnityEditor.GameObjectInspector/PreviewData:UpdateGameObject (UnityEngine.Object)
UnityEditor.GameObjectInspector/PreviewData:.ctor (UnityEngine.Object)
UnityEditor.GameObjectInspector:GetPreviewData ()
UnityEditor.GameObjectInspector:RenderStaticPreview (string,UnityEngine.Object[],int,int)
UnityEditor.AssetPreviewUpdater:CreatePreviewForAsset (UnityEngine.Object,UnityEngine.Object[],string)

[C:\buildslave\unity\build\Modules/Animation/Director/AnimatorControllerPlayable.cpp line 333]

The Animator Controller (Agent Animator Controller) you have used is not valid. Animations will not play
UnityEngine.StackTraceUtility:ExtractStackTrace ()
UnityEditor.EditorUtility:InitInstantiatedPreviewRecursive (UnityEngine.GameObject)
UnityEditor.EditorUtility:InstantiateForAnimatorPreview (UnityEngine.Object)
UnityEditor.GameObjectInspector/PreviewData:UpdateGameObject (UnityEngine.Object)
UnityEditor.GameObjectInspector/PreviewData:.ctor (UnityEngine.Object)
UnityEditor.GameObjectInspector:GetPreviewData ()
UnityEditor.GameObjectInspector:RenderStaticPreview (string,UnityEngine.Object[],int,int)
UnityEditor.AssetPreviewUpdater:CreatePreviewForAsset (UnityEngine.Object,UnityEngine.Object[],string)

[C:\buildslave\unity\build\Modules/Animation/Director/AnimatorControllerPlayable.cpp line 333]

 -> (artifact id: 'd45879085fbdfec5e8983f8320f2c953') in 0.092736 seconds
  Import took 0.095765 seconds .

========================================================================
Received Prepare
Registering precompiled user dll's ...
Registered in 0.000737 seconds.
Begin MonoManager ReloadAssembly
Native extension for WindowsStandalone target not found
Refreshing native plugins compatible for Editor in 0.21 ms, found 0 plugins.
Preloading 0 native plugins for Editor in 0.00 ms.
Mono: successfully reloaded assembly
- Completed reload, in  0.938 seconds
Platform modules already initialized, skipping
Refreshing native plugins compatible for Editor in 0.34 ms, found 0 plugins.
Preloading 0 native plugins for Editor in 0.00 ms.
Unloading 1111 Unused Serialized files (Serialized files now loaded: 0)
System memory in use before: 60.6 MB.
System memory in use after: 60.7 MB.

Unloading 5 unused Assets to reduce memory usage. Loaded Objects now: 1610.
Total: 1.983400 ms (FindLiveObjects: 0.179400 ms CreateObjectMapping: 0.036200 ms MarkObjects: 1.672400 ms  DeleteObjects: 0.080800 ms)

========================================================================
Received Import Request.
  Time since last request: 137.254893 seconds.
  path: Assets/Prefabs/Agent Sphere.prefab
  artifactKey: Guid(7fa564e2eb5cd2840b2de605983bdc10) Importer(815301076,1909f56bfc062723c751e8b465ee728b)
Start importing Assets/Prefabs/Agent Sphere.prefab using Guid(7fa564e2eb5cd2840b2de605983bdc10) Importer(815301076,1909f56bfc062723c751e8b465ee728b) The Animator Controller (Agent Animator Controller) you have used is not valid. Animations will not play
UnityEngine.StackTraceUtility:ExtractStackTrace ()
UnityEditor.EditorUtility:Internal_InstantiateRemoveAllNonAnimationComponentsSingle (UnityEngine.Object,UnityEngine.Vector3,UnityEngine.Quaternion)
UnityEditor.EditorUtility:InstantiateRemoveAllNonAnimationComponents (UnityEngine.Object,UnityEngine.Vector3,UnityEngine.Quaternion)
UnityEditor.EditorUtility:InstantiateForAnimatorPreview (UnityEngine.Object)
UnityEditor.GameObjectInspector/PreviewData:UpdateGameObject (UnityEngine.Object)
UnityEditor.GameObjectInspector/PreviewData:.ctor (UnityEngine.Object)
UnityEditor.GameObjectInspector:GetPreviewData ()
UnityEditor.GameObjectInspector:RenderStaticPreview (string,UnityEngine.Object[],int,int)
UnityEditor.AssetPreviewUpdater:CreatePreviewForAsset (UnityEngine.Object,UnityEngine.Object[],string)

[C:\buildslave\unity\build\Modules/Animation/Director/AnimatorControllerPlayable.cpp line 333]

The Animator Controller (Agent Animator Controller) you have used is not valid. Animations will not play
UnityEngine.StackTraceUtility:ExtractStackTrace ()
UnityEditor.EditorUtility:InitInstantiatedPreviewRecursive (UnityEngine.GameObject)
UnityEditor.EditorUtility:InstantiateForAnimatorPreview (UnityEngine.Object)
UnityEditor.GameObjectInspector/PreviewData:UpdateGameObject (UnityEngine.Object)
UnityEditor.GameObjectInspector/PreviewData:.ctor (UnityEngine.Object)
UnityEditor.GameObjectInspector:GetPreviewData ()
UnityEditor.GameObjectInspector:RenderStaticPreview (string,UnityEngine.Object[],int,int)
UnityEditor.AssetPreviewUpdater:CreatePreviewForAsset (UnityEngine.Object,UnityEngine.Object[],string)

[C:\buildslave\unity\build\Modules/Animation/Director/AnimatorControllerPlayable.cpp line 333]

 -> (artifact id: '53ea3b82b57328cf293be425eb516494') in 0.068060 seconds
  Import took 0.070438 seconds .

========================================================================
Received Prepare
Registering precompiled user dll's ...
Registered in 0.000761 seconds.
Begin MonoManager ReloadAssembly
Native extension for WindowsStandalone target not found
Refreshing native plugins compatible for Editor in 0.21 ms, found 0 plugins.
Preloading 0 native plugins for Editor in 0.00 ms.
Mono: successfully reloaded assembly
- Completed reload, in  0.888 seconds
Platform modules already initialized, skipping
Refreshing native plugins compatible for Editor in 0.38 ms, found 0 plugins.
Preloading 0 native plugins for Editor in 0.00 ms.
Unloading 1111 Unused Serialized files (Serialized files now loaded: 0)
System memory in use before: 60.7 MB.
System memory in use after: 60.7 MB.

Unloading 5 unused Assets to reduce memory usage. Loaded Objects now: 1614.
Total: 2.090900 ms (FindLiveObjects: 0.152600 ms CreateObjectMapping: 0.057800 ms MarkObjects: 1.787400 ms  DeleteObjects: 0.091800 ms)

========================================================================
Received Import Request.
  Time since last request: 137.660490 seconds.
  path: Assets/Animations/Agent
  artifactKey: Guid(7b3e3b267a3a3f841a91ab935d5db8a5) Importer(815301076,1909f56bfc062723c751e8b465ee728b)
Start importing Assets/Animations/Agent using Guid(7b3e3b267a3a3f841a91ab935d5db8a5) Importer(815301076,1909f56bfc062723c751e8b465ee728b)  -> (artifact id: 'ab09e6a80ae2e90b4a709212e679aee8') in 0.006534 seconds
  Import took 0.009042 seconds .

========================================================================
Received Import Request.
  Time since last request: 3.852498 seconds.
  path: Assets/Animations/Agent Animator Controller.controller
  artifactKey: Guid(6fcffec33f8eb424db538ff7d7ba1557) Importer(815301076,1909f56bfc062723c751e8b465ee728b)
Start importing Assets/Animations/Agent Animator Controller.controller using Guid(6fcffec33f8eb424db538ff7d7ba1557) Importer(815301076,1909f56bfc062723c751e8b465ee728b)  -> (artifact id: 'fe624137cd2bea50b5a433496cc22784') in 0.015866 seconds
  Import took 0.018781 seconds .

========================================================================
Received Prepare
Registering precompiled user dll's ...
Registered in 0.001308 seconds.
Begin MonoManager ReloadAssembly
Native extension for WindowsStandalone target not found
Refreshing native plugins compatible for Editor in 0.20 ms, found 0 plugins.
Preloading 0 native plugins for Editor in 0.00 ms.
Mono: successfully reloaded assembly
- Completed reload, in  0.942 seconds
Platform modules already initialized, skipping
Refreshing native plugins compatible for Editor in 0.33 ms, found 0 plugins.
Preloading 0 native plugins for Editor in 0.00 ms.
Unloading 1111 Unused Serialized files (Serialized files now loaded: 0)
System memory in use before: 60.7 MB.
System memory in use after: 60.7 MB.

Unloading 5 unused Assets to reduce memory usage. Loaded Objects now: 1617.
Total: 1.920900 ms (FindLiveObjects: 0.193300 ms CreateObjectMapping: 0.035900 ms MarkObjects: 1.612900 ms  DeleteObjects: 0.077800 ms)

========================================================================
Received Prepare
Registering precompiled user dll's ...
Registered in 0.000699 seconds.
Begin MonoManager ReloadAssembly
Native extension for WindowsStandalone target not found
Refreshing native plugins compatible for Editor in 0.20 ms, found 0 plugins.
Preloading 0 native plugins for Editor in 0.00 ms.
Mono: successfully reloaded assembly
- Completed reload, in  0.884 seconds
Platform modules already initialized, skipping
Refreshing native plugins compatible for Editor in 0.24 ms, found 0 plugins.
Preloading 0 native plugins for Editor in 0.00 ms.
Unloading 1111 Unused Serialized files (Serialized files now loaded: 0)
System memory in use before: 60.7 MB.
System memory in use after: 60.8 MB.

Unloading 5 unused Assets to reduce memory usage. Loaded Objects now: 1620.
Total: 1.926900 ms (FindLiveObjects: 0.228600 ms CreateObjectMapping: 0.076200 ms MarkObjects: 1.559000 ms  DeleteObjects: 0.062000 ms)

========================================================================
Received Prepare
Registering precompiled user dll's ...
Registered in 0.001123 seconds.
Begin MonoManager ReloadAssembly
Native extension for WindowsStandalone target not found
Refreshing native plugins compatible for Editor in 0.26 ms, found 0 plugins.
Preloading 0 native plugins for Editor in 0.00 ms.
Mono: successfully reloaded assembly
- Completed reload, in  0.958 seconds
Platform modules already initialized, skipping
Refreshing native plugins compatible for Editor in 0.28 ms, found 0 plugins.
Preloading 0 native plugins for Editor in 0.00 ms.
Unloading 1111 Unused Serialized files (Serialized files now loaded: 0)
System memory in use before: 60.7 MB.
System memory in use after: 60.8 MB.

Unloading 5 unused Assets to reduce memory usage. Loaded Objects now: 1623.
Total: 3.064000 ms (FindLiveObjects: 0.315300 ms CreateObjectMapping: 0.119900 ms MarkObjects: 2.569800 ms  DeleteObjects: 0.057600 ms)

========================================================================
Received Import Request.
  Time since last request: 663.803460 seconds.
  path: Assets/Scripts/AgentsSpawner.cs
  artifactKey: Guid(6e23e463f588f754fa5132ac46113bbe) Importer(815301076,1909f56bfc062723c751e8b465ee728b)
Start importing Assets/Scripts/AgentsSpawner.cs using Guid(6e23e463f588f754fa5132ac46113bbe) Importer(815301076,1909f56bfc062723c751e8b465ee728b)  -> (artifact id: 'd2ae01c76c7cfca3b16c4ea79f85f93f') in 0.013969 seconds
  Import took 0.016858 seconds .

========================================================================
Received Prepare
Registering precompiled user dll's ...
Registered in 0.000922 seconds.
Begin MonoManager ReloadAssembly
Native extension for WindowsStandalone target not found
Refreshing native plugins compatible for Editor in 0.20 ms, found 0 plugins.
Preloading 0 native plugins for Editor in 0.00 ms.
Mono: successfully reloaded assembly
- Completed reload, in  0.949 seconds
Platform modules already initialized, skipping
Refreshing native plugins compatible for Editor in 0.20 ms, found 0 plugins.
Preloading 0 native plugins for Editor in 0.00 ms.
Unloading 1112 Unused Serialized files (Serialized files now loaded: 0)
System memory in use before: 60.7 MB.
System memory in use after: 60.8 MB.

Unloading 5 unused Assets to reduce memory usage. Loaded Objects now: 1627.
Total: 2.300600 ms (FindLiveObjects: 0.236100 ms CreateObjectMapping: 0.038200 ms MarkObjects: 1.968800 ms  DeleteObjects: 0.056300 ms)

========================================================================
Received Prepare
Registering precompiled user dll's ...
Registered in 0.000807 seconds.
Begin MonoManager ReloadAssembly
Native extension for WindowsStandalone target not found
Refreshing native plugins compatible for Editor in 0.20 ms, found 0 plugins.
Preloading 0 native plugins for Editor in 0.00 ms.
Mono: successfully reloaded assembly
- Completed reload, in  0.938 seconds
Platform modules already initialized, skipping
Refreshing native plugins compatible for Editor in 0.21 ms, found 0 plugins.
Preloading 0 native plugins for Editor in 0.00 ms.
Unloading 1112 Unused Serialized files (Serialized files now loaded: 0)
System memory in use before: 60.7 MB.
System memory in use after: 60.8 MB.

Unloading 5 unused Assets to reduce memory usage. Loaded Objects now: 1630.
Total: 2.273900 ms (FindLiveObjects: 0.263300 ms CreateObjectMapping: 0.088500 ms MarkObjects: 1.799600 ms  DeleteObjects: 0.101700 ms)

========================================================================
Received Prepare
Registering precompiled user dll's ...
Registered in 0.000767 seconds.
Begin MonoManager ReloadAssembly
Native extension for WindowsStandalone target not found
Refreshing native plugins compatible for Editor in 0.21 ms, found 0 plugins.
Preloading 0 native plugins for Editor in 0.00 ms.
Mono: successfully reloaded assembly
- Completed reload, in  1.011 seconds
Platform modules already initialized, skipping
Refreshing native plugins compatible for Editor in 0.21 ms, found 0 plugins.
Preloading 0 native plugins for Editor in 0.00 ms.
Unloading 1113 Unused Serialized files (Serialized files now loaded: 0)
System memory in use before: 60.8 MB.
System memory in use after: 60.8 MB.

Unloading 5 unused Assets to reduce memory usage. Loaded Objects now: 1634.
Total: 2.691800 ms (FindLiveObjects: 0.283600 ms CreateObjectMapping: 0.087100 ms MarkObjects: 2.241900 ms  DeleteObjects: 0.077300 ms)

========================================================================
Received Prepare
Registering precompiled user dll's ...
Registered in 0.000829 seconds.
Begin MonoManager ReloadAssembly
Native extension for WindowsStandalone target not found
Refreshing native plugins compatible for Editor in 0.22 ms, found 0 plugins.
Preloading 0 native plugins for Editor in 0.00 ms.
Mono: successfully reloaded assembly
- Completed reload, in  0.965 seconds
Platform modules already initialized, skipping
Refreshing native plugins compatible for Editor in 0.21 ms, found 0 plugins.
Preloading 0 native plugins for Editor in 0.00 ms.
Unloading 1113 Unused Serialized files (Serialized files now loaded: 0)
System memory in use before: 60.8 MB.
System memory in use after: 60.8 MB.

Unloading 5 unused Assets to reduce memory usage. Loaded Objects now: 1637.
Total: 2.020800 ms (FindLiveObjects: 0.234400 ms CreateObjectMapping: 0.058200 ms MarkObjects: 1.638900 ms  DeleteObjects: 0.087700 ms)

========================================================================
Received Prepare
Registering precompiled user dll's ...
Registered in 0.000739 seconds.
Begin MonoManager ReloadAssembly
Native extension for WindowsStandalone target not found
Refreshing native plugins compatible for Editor in 0.25 ms, found 0 plugins.
Preloading 0 native plugins for Editor in 0.00 ms.
Mono: successfully reloaded assembly
- Completed reload, in  0.942 seconds
Platform modules already initialized, skipping
Refreshing native plugins compatible for Editor in 0.21 ms, found 0 plugins.
Preloading 0 native plugins for Editor in 0.00 ms.
Unloading 1113 Unused Serialized files (Serialized files now loaded: 0)
System memory in use before: 60.8 MB.
System memory in use after: 60.8 MB.

Unloading 5 unused Assets to reduce memory usage. Loaded Objects now: 1640.
Total: 2.104700 ms (FindLiveObjects: 0.177000 ms CreateObjectMapping: 0.100100 ms MarkObjects: 1.736600 ms  DeleteObjects: 0.089300 ms)

========================================================================
Received Import Request.
  Time since last request: 3284.438037 seconds.
  path: Assets/Scripts/EventsManager.cs
  artifactKey: Guid(bda5a96d99c82af488ab3691e3991522) Importer(815301076,1909f56bfc062723c751e8b465ee728b)
Start importing Assets/Scripts/EventsManager.cs using Guid(bda5a96d99c82af488ab3691e3991522) Importer(815301076,1909f56bfc062723c751e8b465ee728b)  -> (artifact id: '622692225c6f994a74ec5c9507674e53') in 0.013495 seconds
  Import took 0.016140 seconds .

========================================================================
Received Import Request.
  Time since last request: 121.113737 seconds.
  path: Assets/Materials/Agent Material.mat
  artifactKey: Guid(c6bba27778607974da80950be07d4008) Importer(815301076,1909f56bfc062723c751e8b465ee728b)
Start importing Assets/Materials/Agent Material.mat using Guid(c6bba27778607974da80950be07d4008) Importer(815301076,1909f56bfc062723c751e8b465ee728b)  -> (artifact id: '8841622579e9fdbd904844dad932f525') in 0.079989 seconds
  Import took 0.082896 seconds .

========================================================================
Received Import Request.
  Time since last request: 0.000344 seconds.
  path: Assets/Materials/Agent Physic Material.physicMaterial
  artifactKey: Guid(ea3383e9d2e3cc94c8ad9499d5a8ad99) Importer(815301076,1909f56bfc062723c751e8b465ee728b)
Start importing Assets/Materials/Agent Physic Material.physicMaterial using Guid(ea3383e9d2e3cc94c8ad9499d5a8ad99) Importer(815301076,1909f56bfc062723c751e8b465ee728b)  -> (artifact id: 'f843a98dd6e37bf12842e0def63761d3') in 0.004770 seconds
  Import took 0.007573 seconds .

========================================================================
Received Prepare
Registering precompiled user dll's ...
Registered in 0.000783 seconds.
Begin MonoManager ReloadAssembly
Native extension for WindowsStandalone target not found
Refreshing native plugins compatible for Editor in 0.21 ms, found 0 plugins.
Preloading 0 native plugins for Editor in 0.00 ms.
Mono: successfully reloaded assembly
- Completed reload, in  0.915 seconds
Platform modules already initialized, skipping
Refreshing native plugins compatible for Editor in 0.20 ms, found 0 plugins.
Preloading 0 native plugins for Editor in 0.00 ms.
Unloading 1113 Unused Serialized files (Serialized files now loaded: 0)
System memory in use before: 60.8 MB.
System memory in use after: 60.9 MB.

Unloading 5 unused Assets to reduce memory usage. Loaded Objects now: 1644.
Total: 2.140900 ms (FindLiveObjects: 0.297400 ms CreateObjectMapping: 0.059600 ms MarkObjects: 1.708100 ms  DeleteObjects: 0.074400 ms)

========================================================================
Received Prepare
Registering precompiled user dll's ...
Registered in 0.001169 seconds.
Begin MonoManager ReloadAssembly
Native extension for WindowsStandalone target not found
Refreshing native plugins compatible for Editor in 0.20 ms, found 0 plugins.
Preloading 0 native plugins for Editor in 0.00 ms.
Mono: successfully reloaded assembly
- Completed reload, in  0.905 seconds
Platform modules already initialized, skipping
Refreshing native plugins compatible for Editor in 0.21 ms, found 0 plugins.
Preloading 0 native plugins for Editor in 0.00 ms.
Unloading 1113 Unused Serialized files (Serialized files now loaded: 0)
System memory in use before: 60.8 MB.
System memory in use after: 60.9 MB.

Unloading 5 unused Assets to reduce memory usage. Loaded Objects now: 1647.
Total: 2.540500 ms (FindLiveObjects: 0.162100 ms CreateObjectMapping: 0.064500 ms MarkObjects: 2.200300 ms  DeleteObjects: 0.097400 ms)

========================================================================
Received Prepare
Registering precompiled user dll's ...
Registered in 0.000713 seconds.
Begin MonoManager ReloadAssembly
Native extension for WindowsStandalone target not found
Refreshing native plugins compatible for Editor in 0.20 ms, found 0 plugins.
Preloading 0 native plugins for Editor in 0.00 ms.
Mono: successfully reloaded assembly
- Completed reload, in  0.921 seconds
Platform modules already initialized, skipping
Refreshing native plugins compatible for Editor in 0.24 ms, found 0 plugins.
Preloading 0 native plugins for Editor in 0.00 ms.
Unloading 1113 Unused Serialized files (Serialized files now loaded: 0)
System memory in use before: 60.8 MB.
System memory in use after: 60.9 MB.

Unloading 5 unused Assets to reduce memory usage. Loaded Objects now: 1650.
Total: 2.336400 ms (FindLiveObjects: 0.200100 ms CreateObjectMapping: 0.054800 ms MarkObjects: 1.962300 ms  DeleteObjects: 0.118000 ms)

========================================================================
Received Import Request.
  Time since last request: 274.591672 seconds.
  path: Assets/Prefabs/Agent Sphere.prefab
  artifactKey: Guid(7fa564e2eb5cd2840b2de605983bdc10) Importer(815301076,1909f56bfc062723c751e8b465ee728b)
Start importing Assets/Prefabs/Agent Sphere.prefab using Guid(7fa564e2eb5cd2840b2de605983bdc10) Importer(815301076,1909f56bfc062723c751e8b465ee728b)  -> (artifact id: 'fa811a0a5d68193d2ded5982494049b1') in 0.085300 seconds
  Import took 0.088086 seconds .

========================================================================
Received Prepare
Registering precompiled user dll's ...
Registered in 0.000677 seconds.
Begin MonoManager ReloadAssembly
Native extension for WindowsStandalone target not found
Refreshing native plugins compatible for Editor in 0.21 ms, found 0 plugins.
Preloading 0 native plugins for Editor in 0.00 ms.
Mono: successfully reloaded assembly
- Completed reload, in  0.952 seconds
Platform modules already initialized, skipping
Refreshing native plugins compatible for Editor in 0.21 ms, found 0 plugins.
Preloading 0 native plugins for Editor in 0.00 ms.
Unloading 1113 Unused Serialized files (Serialized files now loaded: 0)
System memory in use before: 60.8 MB.
System memory in use after: 60.9 MB.

Unloading 5 unused Assets to reduce memory usage. Loaded Objects now: 1654.
Total: 2.512900 ms (FindLiveObjects: 0.323200 ms CreateObjectMapping: 0.097300 ms MarkObjects: 2.024400 ms  DeleteObjects: 0.066100 ms)

========================================================================
Received Prepare
Registering precompiled user dll's ...
Registered in 0.000866 seconds.
Begin MonoManager ReloadAssembly
Native extension for WindowsStandalone target not found
Refreshing native plugins compatible for Editor in 0.20 ms, found 0 plugins.
Preloading 0 native plugins for Editor in 0.00 ms.
Mono: successfully reloaded assembly
- Completed reload, in  0.938 seconds
Platform modules already initialized, skipping
Refreshing native plugins compatible for Editor in 0.26 ms, found 0 plugins.
Preloading 0 native plugins for Editor in 0.00 ms.
Unloading 1113 Unused Serialized files (Serialized files now loaded: 0)
System memory in use before: 60.8 MB.
System memory in use after: 60.9 MB.

Unloading 5 unused Assets to reduce memory usage. Loaded Objects now: 1657.
Total: 1.889900 ms (FindLiveObjects: 0.215700 ms CreateObjectMapping: 0.051100 ms MarkObjects: 1.528200 ms  DeleteObjects: 0.093200 ms)

========================================================================
Received Prepare
Registering precompiled user dll's ...
Registered in 0.000721 seconds.
Begin MonoManager ReloadAssembly
Native extension for WindowsStandalone target not found
Refreshing native plugins compatible for Editor in 0.20 ms, found 0 plugins.
Preloading 0 native plugins for Editor in 0.00 ms.
Mono: successfully reloaded assembly
- Completed reload, in  0.922 seconds
Platform modules already initialized, skipping
Refreshing native plugins compatible for Editor in 0.20 ms, found 0 plugins.
Preloading 0 native plugins for Editor in 0.00 ms.
Unloading 1113 Unused Serialized files (Serialized files now loaded: 0)
System memory in use before: 60.8 MB.
System memory in use after: 60.9 MB.

Unloading 5 unused Assets to reduce memory usage. Loaded Objects now: 1660.
Total: 2.459100 ms (FindLiveObjects: 0.230100 ms CreateObjectMapping: 0.040200 ms MarkObjects: 2.038900 ms  DeleteObjects: 0.148900 ms)

========================================================================
Received Prepare
Registering precompiled user dll's ...
Registered in 0.001101 seconds.
Begin MonoManager ReloadAssembly
Native extension for WindowsStandalone target not found
Refreshing native plugins compatible for Editor in 0.20 ms, found 0 plugins.
Preloading 0 native plugins for Editor in 0.00 ms.
Mono: successfully reloaded assembly
- Completed reload, in  0.937 seconds
Platform modules already initialized, skipping
Refreshing native plugins compatible for Editor in 0.33 ms, found 0 plugins.
Preloading 0 native plugins for Editor in 0.00 ms.
Unloading 1113 Unused Serialized files (Serialized files now loaded: 0)
System memory in use before: 60.8 MB.
System memory in use after: 60.9 MB.

Unloading 5 unused Assets to reduce memory usage. Loaded Objects now: 1663.
Total: 1.774800 ms (FindLiveObjects: 0.168300 ms CreateObjectMapping: 0.041700 ms MarkObjects: 1.480900 ms  DeleteObjects: 0.082400 ms)

========================================================================
Received Prepare
Registering precompiled user dll's ...
Registered in 0.000907 seconds.
Begin MonoManager ReloadAssembly
Native extension for WindowsStandalone target not found
Refreshing native plugins compatible for Editor in 0.21 ms, found 0 plugins.
Preloading 0 native plugins for Editor in 0.00 ms.
Mono: successfully reloaded assembly
- Completed reload, in  0.924 seconds
Platform modules already initialized, skipping
Refreshing native plugins compatible for Editor in 0.20 ms, found 0 plugins.
Preloading 0 native plugins for Editor in 0.00 ms.
Unloading 1113 Unused Serialized files (Serialized files now loaded: 0)
System memory in use before: 60.8 MB.
System memory in use after: 60.9 MB.

Unloading 5 unused Assets to reduce memory usage. Loaded Objects now: 1666.
Total: 2.208600 ms (FindLiveObjects: 0.274700 ms CreateObjectMapping: 0.057500 ms MarkObjects: 1.754400 ms  DeleteObjects: 0.120800 ms)

========================================================================
Received Prepare
Registering precompiled user dll's ...
Registered in 0.000958 seconds.
Begin MonoManager ReloadAssembly
Native extension for WindowsStandalone target not found
Refreshing native plugins compatible for Editor in 0.20 ms, found 0 plugins.
Preloading 0 native plugins for Editor in 0.00 ms.
Mono: successfully reloaded assembly
- Completed reload, in  0.914 seconds
Platform modules already initialized, skipping
Refreshing native plugins compatible for Editor in 0.20 ms, found 0 plugins.
Preloading 0 native plugins for Editor in 0.00 ms.
Unloading 1113 Unused Serialized files (Serialized files now loaded: 0)
System memory in use before: 60.8 MB.
System memory in use after: 60.9 MB.

Unloading 5 unused Assets to reduce memory usage. Loaded Objects now: 1669.
Total: 2.258300 ms (FindLiveObjects: 0.253300 ms CreateObjectMapping: 0.070800 ms MarkObjects: 1.818200 ms  DeleteObjects: 0.115100 ms)

========================================================================
Received Prepare
Registering precompiled user dll's ...
Registered in 0.000875 seconds.
Begin MonoManager ReloadAssembly
Native extension for WindowsStandalone target not found
Refreshing native plugins compatible for Editor in 0.20 ms, found 0 plugins.
Preloading 0 native plugins for Editor in 0.00 ms.
Mono: successfully reloaded assembly
- Completed reload, in  0.908 seconds
Platform modules already initialized, skipping
Refreshing native plugins compatible for Editor in 0.23 ms, found 0 plugins.
Preloading 0 native plugins for Editor in 0.00 ms.
Unloading 1113 Unused Serialized files (Serialized files now loaded: 0)
System memory in use before: 60.8 MB.
System memory in use after: 60.9 MB.

Unloading 5 unused Assets to reduce memory usage. Loaded Objects now: 1672.
Total: 2.090000 ms (FindLiveObjects: 0.198300 ms CreateObjectMapping: 0.052100 ms MarkObjects: 1.732400 ms  DeleteObjects: 0.105900 ms)

========================================================================
Received Prepare
Registering precompiled user dll's ...
Registered in 0.000747 seconds.
Begin MonoManager ReloadAssembly
Native extension for WindowsStandalone target not found
Refreshing native plugins compatible for Editor in 0.20 ms, found 0 plugins.
Preloading 0 native plugins for Editor in 0.00 ms.
Mono: successfully reloaded assembly
- Completed reload, in  0.900 seconds
Platform modules already initialized, skipping
Refreshing native plugins compatible for Editor in 0.30 ms, found 0 plugins.
Preloading 0 native plugins for Editor in 0.00 ms.
Unloading 1113 Unused Serialized files (Serialized files now loaded: 0)
System memory in use before: 60.8 MB.
System memory in use after: 60.9 MB.

Unloading 5 unused Assets to reduce memory usage. Loaded Objects now: 1675.
Total: 2.256600 ms (FindLiveObjects: 0.218700 ms CreateObjectMapping: 0.071400 ms MarkObjects: 1.866500 ms  DeleteObjects: 0.098600 ms)

========================================================================
Received Prepare
Registering precompiled user dll's ...
Registered in 0.001187 seconds.
Begin MonoManager ReloadAssembly
Native extension for WindowsStandalone target not found
Refreshing native plugins compatible for Editor in 0.24 ms, found 0 plugins.
Preloading 0 native plugins for Editor in 0.00 ms.
Mono: successfully reloaded assembly
- Completed reload, in  0.912 seconds
Platform modules already initialized, skipping
Refreshing native plugins compatible for Editor in 0.20 ms, found 0 plugins.
Preloading 0 native plugins for Editor in 0.00 ms.
Unloading 1113 Unused Serialized files (Serialized files now loaded: 0)
System memory in use before: 60.9 MB.
System memory in use after: 60.9 MB.

Unloading 5 unused Assets to reduce memory usage. Loaded Objects now: 1678.
Total: 2.299300 ms (FindLiveObjects: 0.227400 ms CreateObjectMapping: 0.040100 ms MarkObjects: 1.909200 ms  DeleteObjects: 0.121000 ms)

========================================================================
Received Prepare
Registering precompiled user dll's ...
Registered in 0.001148 seconds.
Begin MonoManager ReloadAssembly
Native extension for WindowsStandalone target not found
Refreshing native plugins compatible for Editor in 0.22 ms, found 0 plugins.
Preloading 0 native plugins for Editor in 0.00 ms.
Mono: successfully reloaded assembly
- Completed reload, in  0.946 seconds
Platform modules already initialized, skipping
Refreshing native plugins compatible for Editor in 0.26 ms, found 0 plugins.
Preloading 0 native plugins for Editor in 0.00 ms.
Unloading 1113 Unused Serialized files (Serialized files now loaded: 0)
System memory in use before: 60.9 MB.
System memory in use after: 60.9 MB.

Unloading 5 unused Assets to reduce memory usage. Loaded Objects now: 1681.
Total: 2.168900 ms (FindLiveObjects: 0.233000 ms CreateObjectMapping: 0.064900 ms MarkObjects: 1.801900 ms  DeleteObjects: 0.067500 ms)

========================================================================
Received Prepare
Registering precompiled user dll's ...
Registered in 0.000864 seconds.
Begin MonoManager ReloadAssembly
Native extension for WindowsStandalone target not found
Refreshing native plugins compatible for Editor in 0.23 ms, found 0 plugins.
Preloading 0 native plugins for Editor in 0.00 ms.
Mono: successfully reloaded assembly
- Completed reload, in  0.974 seconds
Platform modules already initialized, skipping
Refreshing native plugins compatible for Editor in 0.20 ms, found 0 plugins.
Preloading 0 native plugins for Editor in 0.00 ms.
Unloading 1113 Unused Serialized files (Serialized files now loaded: 0)
System memory in use before: 60.9 MB.
System memory in use after: 60.9 MB.

Unloading 5 unused Assets to reduce memory usage. Loaded Objects now: 1684.
Total: 2.596800 ms (FindLiveObjects: 0.169400 ms CreateObjectMapping: 0.094600 ms MarkObjects: 2.237800 ms  DeleteObjects: 0.092800 ms)

========================================================================
Received Prepare
Registering precompiled user dll's ...
Registered in 0.001113 seconds.
Begin MonoManager ReloadAssembly
Native extension for WindowsStandalone target not found
Refreshing native plugins compatible for Editor in 0.21 ms, found 0 plugins.
Preloading 0 native plugins for Editor in 0.00 ms.
Mono: successfully reloaded assembly
- Completed reload, in  0.936 seconds
Platform modules already initialized, skipping
Refreshing native plugins compatible for Editor in 0.21 ms, found 0 plugins.
Preloading 0 native plugins for Editor in 0.00 ms.
Unloading 1113 Unused Serialized files (Serialized files now loaded: 0)
System memory in use before: 60.9 MB.
System memory in use after: 60.9 MB.

Unloading 5 unused Assets to reduce memory usage. Loaded Objects now: 1687.
Total: 2.106800 ms (FindLiveObjects: 0.246800 ms CreateObjectMapping: 0.043700 ms MarkObjects: 1.743500 ms  DeleteObjects: 0.071700 ms)

========================================================================
Received Prepare
Registering precompiled user dll's ...
Registered in 0.001475 seconds.
Begin MonoManager ReloadAssembly
Native extension for WindowsStandalone target not found
Refreshing native plugins compatible for Editor in 0.33 ms, found 0 plugins.
Preloading 0 native plugins for Editor in 0.00 ms.
Mono: successfully reloaded assembly
- Completed reload, in  0.957 seconds
Platform modules already initialized, skipping
Refreshing native plugins compatible for Editor in 0.26 ms, found 0 plugins.
Preloading 0 native plugins for Editor in 0.00 ms.
Unloading 1113 Unused Serialized files (Serialized files now loaded: 0)
System memory in use before: 60.9 MB.
System memory in use after: 60.9 MB.

Unloading 5 unused Assets to reduce memory usage. Loaded Objects now: 1690.
Total: 2.081000 ms (FindLiveObjects: 0.215700 ms CreateObjectMapping: 0.037000 ms MarkObjects: 1.753200 ms  DeleteObjects: 0.073900 ms)

========================================================================
Received Prepare
Registering precompiled user dll's ...
Registered in 0.001069 seconds.
Begin MonoManager ReloadAssembly
Native extension for WindowsStandalone target not found
Refreshing native plugins compatible for Editor in 0.20 ms, found 0 plugins.
Preloading 0 native plugins for Editor in 0.00 ms.
Mono: successfully reloaded assembly
- Completed reload, in  0.946 seconds
Platform modules already initialized, skipping
Refreshing native plugins compatible for Editor in 0.30 ms, found 0 plugins.
Preloading 0 native plugins for Editor in 0.00 ms.
Unloading 1113 Unused Serialized files (Serialized files now loaded: 0)
System memory in use before: 60.9 MB.
System memory in use after: 61.0 MB.

Unloading 5 unused Assets to reduce memory usage. Loaded Objects now: 1693.
Total: 2.386500 ms (FindLiveObjects: 0.271600 ms CreateObjectMapping: 0.072600 ms MarkObjects: 1.986700 ms  DeleteObjects: 0.053700 ms)

========================================================================
Received Prepare
Registering precompiled user dll's ...
Registered in 0.000901 seconds.
Begin MonoManager ReloadAssembly
Native extension for WindowsStandalone target not found
Refreshing native plugins compatible for Editor in 0.20 ms, found 0 plugins.
Preloading 0 native plugins for Editor in 0.00 ms.
Mono: successfully reloaded assembly
- Completed reload, in  0.925 seconds
Platform modules already initialized, skipping
Refreshing native plugins compatible for Editor in 0.20 ms, found 0 plugins.
Preloading 0 native plugins for Editor in 0.00 ms.
Unloading 1113 Unused Serialized files (Serialized files now loaded: 0)
System memory in use before: 60.9 MB.
System memory in use after: 61.0 MB.

Unloading 5 unused Assets to reduce memory usage. Loaded Objects now: 1696.
Total: 2.174300 ms (FindLiveObjects: 0.206300 ms CreateObjectMapping: 0.042200 ms MarkObjects: 1.823200 ms  DeleteObjects: 0.101600 ms)

========================================================================
Received Prepare
Registering precompiled user dll's ...
Registered in 0.000779 seconds.
Begin MonoManager ReloadAssembly
Native extension for WindowsStandalone target not found
Refreshing native plugins compatible for Editor in 0.36 ms, found 0 plugins.
Preloading 0 native plugins for Editor in 0.00 ms.
Mono: successfully reloaded assembly
- Completed reload, in  0.994 seconds
Platform modules already initialized, skipping
Refreshing native plugins compatible for Editor in 0.21 ms, found 0 plugins.
Preloading 0 native plugins for Editor in 0.00 ms.
Unloading 1113 Unused Serialized files (Serialized files now loaded: 0)
System memory in use before: 60.9 MB.
System memory in use after: 61.0 MB.

Unloading 5 unused Assets to reduce memory usage. Loaded Objects now: 1699.
Total: 2.222200 ms (FindLiveObjects: 0.353700 ms CreateObjectMapping: 0.089900 ms MarkObjects: 1.655600 ms  DeleteObjects: 0.121500 ms)

========================================================================
Received Prepare
Registering precompiled user dll's ...
Registered in 0.001073 seconds.
Begin MonoManager ReloadAssembly
Native extension for WindowsStandalone target not found
Refreshing native plugins compatible for Editor in 0.21 ms, found 0 plugins.
Preloading 0 native plugins for Editor in 0.00 ms.
Mono: successfully reloaded assembly
- Completed reload, in  0.888 seconds
Platform modules already initialized, skipping
Refreshing native plugins compatible for Editor in 0.21 ms, found 0 plugins.
Preloading 0 native plugins for Editor in 0.00 ms.
Unloading 1113 Unused Serialized files (Serialized files now loaded: 0)
System memory in use before: 60.9 MB.
System memory in use after: 61.0 MB.

Unloading 5 unused Assets to reduce memory usage. Loaded Objects now: 1702.
Total: 1.933400 ms (FindLiveObjects: 0.287500 ms CreateObjectMapping: 0.054800 ms MarkObjects: 1.487700 ms  DeleteObjects: 0.083400 ms)

========================================================================
Received Import Request.
  Time since last request: 1349.024224 seconds.
  path: Assets/Scripts/Agent.cs
  artifactKey: Guid(ce0173ce3aa777c44b2f6eb80b574278) Importer(815301076,1909f56bfc062723c751e8b465ee728b)
Start importing Assets/Scripts/Agent.cs using Guid(ce0173ce3aa777c44b2f6eb80b574278) Importer(815301076,1909f56bfc062723c751e8b465ee728b)  -> (artifact id: 'b0503c0a04e46edbf478575eff7a63f9') in 0.009996 seconds
  Import took 0.012691 seconds .

========================================================================
Received Import Request.
  Time since last request: 13.381331 seconds.
  path: Assets/Prefabs/Agent Sphere.prefab
  artifactKey: Guid(7fa564e2eb5cd2840b2de605983bdc10) Importer(815301076,1909f56bfc062723c751e8b465ee728b)
Start importing Assets/Prefabs/Agent Sphere.prefab using Guid(7fa564e2eb5cd2840b2de605983bdc10) Importer(815301076,1909f56bfc062723c751e8b465ee728b)  -> (artifact id: '2b091c67aac3ad2f2d5187db84906731') in 0.078847 seconds
  Import took 0.081631 seconds .

========================================================================
Received Prepare
Registering precompiled user dll's ...
Registered in 0.000730 seconds.
Begin MonoManager ReloadAssembly
Native extension for WindowsStandalone target not found
Refreshing native plugins compatible for Editor in 0.23 ms, found 0 plugins.
Preloading 0 native plugins for Editor in 0.00 ms.
Mono: successfully reloaded assembly
- Completed reload, in  0.911 seconds
Platform modules already initialized, skipping
Refreshing native plugins compatible for Editor in 0.20 ms, found 0 plugins.
Preloading 0 native plugins for Editor in 0.00 ms.
Unloading 1113 Unused Serialized files (Serialized files now loaded: 0)
System memory in use before: 60.9 MB.
System memory in use after: 61.0 MB.

Unloading 5 unused Assets to reduce memory usage. Loaded Objects now: 1706.
Total: 2.239800 ms (FindLiveObjects: 0.258500 ms CreateObjectMapping: 0.048600 ms MarkObjects: 1.812000 ms  DeleteObjects: 0.119000 ms)

========================================================================
Received Prepare
Registering precompiled user dll's ...
Registered in 0.001091 seconds.
Begin MonoManager ReloadAssembly
Native extension for WindowsStandalone target not found
Refreshing native plugins compatible for Editor in 0.21 ms, found 0 plugins.
Preloading 0 native plugins for Editor in 0.00 ms.
Mono: successfully reloaded assembly
- Completed reload, in  0.952 seconds
Platform modules already initialized, skipping
Refreshing native plugins compatible for Editor in 0.25 ms, found 0 plugins.
Preloading 0 native plugins for Editor in 0.00 ms.
Unloading 1113 Unused Serialized files (Serialized files now loaded: 0)
System memory in use before: 60.9 MB.
System memory in use after: 61.0 MB.

Unloading 5 unused Assets to reduce memory usage. Loaded Objects now: 1709.
Total: 2.341200 ms (FindLiveObjects: 0.173400 ms CreateObjectMapping: 0.040400 ms MarkObjects: 2.073400 ms  DeleteObjects: 0.052100 ms)

========================================================================
Received Prepare
Registering precompiled user dll's ...
Registered in 0.000822 seconds.
Begin MonoManager ReloadAssembly
Native extension for WindowsStandalone target not found
Refreshing native plugins compatible for Editor in 0.43 ms, found 0 plugins.
Preloading 0 native plugins for Editor in 0.00 ms.
Mono: successfully reloaded assembly
- Completed reload, in  0.922 seconds
Platform modules already initialized, skipping
Refreshing native plugins compatible for Editor in 0.22 ms, found 0 plugins.
Preloading 0 native plugins for Editor in 0.00 ms.
Unloading 1113 Unused Serialized files (Serialized files now loaded: 0)
System memory in use before: 60.9 MB.
System memory in use after: 61.0 MB.

Unloading 5 unused Assets to reduce memory usage. Loaded Objects now: 1712.
Total: 2.104600 ms (FindLiveObjects: 0.168500 ms CreateObjectMapping: 0.038800 ms MarkObjects: 1.798900 ms  DeleteObjects: 0.097100 ms)

========================================================================
Received Prepare
Registering precompiled user dll's ...
Registered in 0.000804 seconds.
Begin MonoManager ReloadAssembly
Native extension for WindowsStandalone target not found
Refreshing native plugins compatible for Editor in 0.31 ms, found 0 plugins.
Preloading 0 native plugins for Editor in 0.00 ms.
Mono: successfully reloaded assembly
- Completed reload, in  0.978 seconds
Platform modules already initialized, skipping
Refreshing native plugins compatible for Editor in 0.22 ms, found 0 plugins.
Preloading 0 native plugins for Editor in 0.00 ms.
Unloading 1113 Unused Serialized files (Serialized files now loaded: 0)
System memory in use before: 60.9 MB.
System memory in use after: 61.0 MB.

Unloading 5 unused Assets to reduce memory usage. Loaded Objects now: 1715.
Total: 2.319600 ms (FindLiveObjects: 0.316500 ms CreateObjectMapping: 0.047100 ms MarkObjects: 1.869600 ms  DeleteObjects: 0.084900 ms)

========================================================================
Received Import Request.
  Time since last request: 199.235151 seconds.
  path: Assets/Prefabs/Agent Sphere.prefab
  artifactKey: Guid(7fa564e2eb5cd2840b2de605983bdc10) Importer(815301076,1909f56bfc062723c751e8b465ee728b)
Start importing Assets/Prefabs/Agent Sphere.prefab using Guid(7fa564e2eb5cd2840b2de605983bdc10) Importer(815301076,1909f56bfc062723c751e8b465ee728b)  -> (artifact id: '1da57ebd197de2aa2259656004f9471a') in 0.073252 seconds
  Import took 0.076031 seconds .

========================================================================
Received Import Request.
  Time since last request: 3.359200 seconds.
  path: Assets/Prefabs/Agent Sphere.prefab
  artifactKey: Guid(7fa564e2eb5cd2840b2de605983bdc10) Importer(815301076,1909f56bfc062723c751e8b465ee728b)
Start importing Assets/Prefabs/Agent Sphere.prefab using Guid(7fa564e2eb5cd2840b2de605983bdc10) Importer(815301076,1909f56bfc062723c751e8b465ee728b)  -> (artifact id: '3a6ee23abd874128dc11fd3dad3a1912') in 0.018834 seconds
  Import took 0.021893 seconds .

========================================================================
Received Prepare
Registering precompiled user dll's ...
Registered in 0.000721 seconds.
Begin MonoManager ReloadAssembly
Native extension for WindowsStandalone target not found
Refreshing native plugins compatible for Editor in 0.22 ms, found 0 plugins.
Preloading 0 native plugins for Editor in 0.00 ms.
Mono: successfully reloaded assembly
- Completed reload, in  0.920 seconds
Platform modules already initialized, skipping
Refreshing native plugins compatible for Editor in 0.20 ms, found 0 plugins.
Preloading 0 native plugins for Editor in 0.00 ms.
Unloading 1113 Unused Serialized files (Serialized files now loaded: 0)
System memory in use before: 60.9 MB.
System memory in use after: 61.0 MB.

Unloading 5 unused Assets to reduce memory usage. Loaded Objects now: 1719.
Total: 2.176200 ms (FindLiveObjects: 0.158600 ms CreateObjectMapping: 0.039000 ms MarkObjects: 1.851300 ms  DeleteObjects: 0.113100 ms)

========================================================================
Received Prepare
Registering precompiled user dll's ...
Registered in 0.000691 seconds.
Begin MonoManager ReloadAssembly
Native extension for WindowsStandalone target not found
Refreshing native plugins compatible for Editor in 0.30 ms, found 0 plugins.
Preloading 0 native plugins for Editor in 0.00 ms.
Mono: successfully reloaded assembly
- Completed reload, in  0.910 seconds
Platform modules already initialized, skipping
Refreshing native plugins compatible for Editor in 0.21 ms, found 0 plugins.
Preloading 0 native plugins for Editor in 0.00 ms.
Unloading 1113 Unused Serialized files (Serialized files now loaded: 0)
System memory in use before: 60.9 MB.
System memory in use after: 61.0 MB.

Unloading 5 unused Assets to reduce memory usage. Loaded Objects now: 1722.
Total: 1.947000 ms (FindLiveObjects: 0.186000 ms CreateObjectMapping: 0.040200 ms MarkObjects: 1.632800 ms  DeleteObjects: 0.086800 ms)

========================================================================
Received Import Request.
  Time since last request: 107.395966 seconds.
  path: Assets/Prefabs/Agent Sphere.prefab
  artifactKey: Guid(7fa564e2eb5cd2840b2de605983bdc10) Importer(815301076,1909f56bfc062723c751e8b465ee728b)
Start importing Assets/Prefabs/Agent Sphere.prefab using Guid(7fa564e2eb5cd2840b2de605983bdc10) Importer(815301076,1909f56bfc062723c751e8b465ee728b)  -> (artifact id: '664fda0858d6a14278a9293eb5ef53a8') in 0.071022 seconds
  Import took 0.073202 seconds .

========================================================================
Received Import Request.
  Time since last request: 19.977917 seconds.
  path: Assets/Materials/Agent Physic Material.physicMaterial
  artifactKey: Guid(ea3383e9d2e3cc94c8ad9499d5a8ad99) Importer(815301076,1909f56bfc062723c751e8b465ee728b)
Start importing Assets/Materials/Agent Physic Material.physicMaterial using Guid(ea3383e9d2e3cc94c8ad9499d5a8ad99) Importer(815301076,1909f56bfc062723c751e8b465ee728b)  -> (artifact id: 'e0d848059d4233638834ebc22d91cfc6') in 0.004390 seconds
  Import took 0.006979 seconds .

========================================================================
Received Prepare
Registering precompiled user dll's ...
Registered in 0.000877 seconds.
Begin MonoManager ReloadAssembly
Native extension for WindowsStandalone target not found
Refreshing native plugins compatible for Editor in 0.24 ms, found 0 plugins.
Preloading 0 native plugins for Editor in 0.00 ms.
Mono: successfully reloaded assembly
- Completed reload, in  0.874 seconds
Platform modules already initialized, skipping
Refreshing native plugins compatible for Editor in 0.20 ms, found 0 plugins.
Preloading 0 native plugins for Editor in 0.00 ms.
Unloading 1113 Unused Serialized files (Serialized files now loaded: 0)
System memory in use before: 61.0 MB.
System memory in use after: 61.0 MB.

Unloading 5 unused Assets to reduce memory usage. Loaded Objects now: 1726.
Total: 2.022700 ms (FindLiveObjects: 0.184600 ms CreateObjectMapping: 0.036100 ms MarkObjects: 1.717000 ms  DeleteObjects: 0.084100 ms)

========================================================================
Received Import Request.
  Time since last request: 53.423408 seconds.
  path: Assets/Prefabs/Agent Sphere.prefab
  artifactKey: Guid(7fa564e2eb5cd2840b2de605983bdc10) Importer(815301076,1909f56bfc062723c751e8b465ee728b)
Start importing Assets/Prefabs/Agent Sphere.prefab using Guid(7fa564e2eb5cd2840b2de605983bdc10) Importer(815301076,1909f56bfc062723c751e8b465ee728b)  -> (artifact id: '0241d38fe11789d69e1394506d490a07') in 0.064169 seconds
  Import took 0.066449 seconds .

========================================================================
Received Prepare
Registering precompiled user dll's ...
Registered in 0.000752 seconds.
Begin MonoManager ReloadAssembly
Native extension for WindowsStandalone target not found
Refreshing native plugins compatible for Editor in 0.28 ms, found 0 plugins.
Preloading 0 native plugins for Editor in 0.00 ms.
Mono: successfully reloaded assembly
- Completed reload, in  0.977 seconds
Platform modules already initialized, skipping
Refreshing native plugins compatible for Editor in 0.21 ms, found 0 plugins.
Preloading 0 native plugins for Editor in 0.00 ms.
Unloading 1113 Unused Serialized files (Serialized files now loaded: 0)
System memory in use before: 61.0 MB.
System memory in use after: 61.0 MB.

Unloading 5 unused Assets to reduce memory usage. Loaded Objects now: 1730.
Total: 2.318900 ms (FindLiveObjects: 0.213400 ms CreateObjectMapping: 0.045600 ms MarkObjects: 1.982200 ms  DeleteObjects: 0.076300 ms)

========================================================================
Received Prepare
Registering precompiled user dll's ...
Registered in 0.000825 seconds.
Begin MonoManager ReloadAssembly
Native extension for WindowsStandalone target not found
Refreshing native plugins compatible for Editor in 0.26 ms, found 0 plugins.
Preloading 0 native plugins for Editor in 0.00 ms.
Mono: successfully reloaded assembly
- Completed reload, in  0.936 seconds
Platform modules already initialized, skipping
Refreshing native plugins compatible for Editor in 0.23 ms, found 0 plugins.
Preloading 0 native plugins for Editor in 0.00 ms.
Unloading 1113 Unused Serialized files (Serialized files now loaded: 0)
System memory in use before: 61.0 MB.
System memory in use after: 61.0 MB.

Unloading 5 unused Assets to reduce memory usage. Loaded Objects now: 1733.
Total: 2.429400 ms (FindLiveObjects: 0.250000 ms CreateObjectMapping: 0.076700 ms MarkObjects: 2.032800 ms  DeleteObjects: 0.067800 ms)

========================================================================
Received Prepare
Registering precompiled user dll's ...
Registered in 0.000724 seconds.
Begin MonoManager ReloadAssembly
Native extension for WindowsStandalone target not found
Refreshing native plugins compatible for Editor in 0.25 ms, found 0 plugins.
Preloading 0 native plugins for Editor in 0.00 ms.
Mono: successfully reloaded assembly
- Completed reload, in  0.948 seconds
Platform modules already initialized, skipping
Refreshing native plugins compatible for Editor in 0.20 ms, found 0 plugins.
Preloading 0 native plugins for Editor in 0.00 ms.
Unloading 1113 Unused Serialized files (Serialized files now loaded: 0)
System memory in use before: 61.0 MB.
System memory in use after: 61.0 MB.

Unloading 5 unused Assets to reduce memory usage. Loaded Objects now: 1736.
Total: 2.579100 ms (FindLiveObjects: 0.258800 ms CreateObjectMapping: 0.054200 ms MarkObjects: 2.142600 ms  DeleteObjects: 0.122400 ms)

========================================================================
Received Import Request.
  Time since last request: 442.027722 seconds.
  path: Assets/Animations/Agent/Agent Animator Controller.controller
  artifactKey: Guid(6fcffec33f8eb424db538ff7d7ba1557) Importer(815301076,1909f56bfc062723c751e8b465ee728b)
Start importing Assets/Animations/Agent/Agent Animator Controller.controller using Guid(6fcffec33f8eb424db538ff7d7ba1557) Importer(815301076,1909f56bfc062723c751e8b465ee728b)  -> (artifact id: '82a8634c3f84efad0d504c6474813ef0') in 0.026027 seconds
  Import took 0.029101 seconds .

========================================================================
Received Import Request.
  Time since last request: 4.677003 seconds.
  path: Assets/Animations/Agent/FadeIn.anim
  artifactKey: Guid(2f9f79209cd506b4c969a3c19b4ff304) Importer(815301076,1909f56bfc062723c751e8b465ee728b)
Start importing Assets/Animations/Agent/FadeIn.anim using Guid(2f9f79209cd506b4c969a3c19b4ff304) Importer(815301076,1909f56bfc062723c751e8b465ee728b)  -> (artifact id: 'fab8b950a00f0ed88cf866936f139892') in 0.012101 seconds
  Import took 0.014495 seconds .

========================================================================
Received Import Request.
  Time since last request: 0.084065 seconds.
  path: Assets/Animations/Agent/FadeIn.anim
  artifactKey: Guid(2f9f79209cd506b4c969a3c19b4ff304) Importer(815301076,1909f56bfc062723c751e8b465ee728b)
Start importing Assets/Animations/Agent/FadeIn.anim using Guid(2f9f79209cd506b4c969a3c19b4ff304) Importer(815301076,1909f56bfc062723c751e8b465ee728b)  -> (artifact id: 'fab8b950a00f0ed88cf866936f139892') in 0.005017 seconds
  Import took 0.007710 seconds .

========================================================================
Received Import Request.
  Time since last request: 117.118485 seconds.
  path: Assets/Prefabs/Agent Sphere.prefab
  artifactKey: Guid(7fa564e2eb5cd2840b2de605983bdc10) Importer(815301076,1909f56bfc062723c751e8b465ee728b)
Start importing Assets/Prefabs/Agent Sphere.prefab using Guid(7fa564e2eb5cd2840b2de605983bdc10) Importer(815301076,1909f56bfc062723c751e8b465ee728b)  -> (artifact id: 'e1fc4626ab68748b27752a72afe47ae4') in 0.061637 seconds
  Import took 0.064188 seconds .

========================================================================
Received Prepare
Registering precompiled user dll's ...
Registered in 0.001074 seconds.
Begin MonoManager ReloadAssembly
Native extension for WindowsStandalone target not found
Refreshing native plugins compatible for Editor in 0.26 ms, found 0 plugins.
Preloading 0 native plugins for Editor in 0.00 ms.
Mono: successfully reloaded assembly
- Completed reload, in  0.906 seconds
Platform modules already initialized, skipping
Refreshing native plugins compatible for Editor in 0.23 ms, found 0 plugins.
Preloading 0 native plugins for Editor in 0.00 ms.
Unloading 1113 Unused Serialized files (Serialized files now loaded: 0)
System memory in use before: 61.0 MB.
System memory in use after: 61.1 MB.

Unloading 5 unused Assets to reduce memory usage. Loaded Objects now: 1740.
Total: 2.072100 ms (FindLiveObjects: 0.178500 ms CreateObjectMapping: 0.097200 ms MarkObjects: 1.711900 ms  DeleteObjects: 0.083400 ms)

========================================================================
Received Prepare
Registering precompiled user dll's ...
Registered in 0.001426 seconds.
Begin MonoManager ReloadAssembly
Native extension for WindowsStandalone target not found
Refreshing native plugins compatible for Editor in 0.27 ms, found 0 plugins.
Preloading 0 native plugins for Editor in 0.00 ms.
Mono: successfully reloaded assembly
- Completed reload, in  1.141 seconds
Platform modules already initialized, skipping
Refreshing native plugins compatible for Editor in 0.25 ms, found 0 plugins.
Preloading 0 native plugins for Editor in 0.00 ms.
Unloading 1113 Unused Serialized files (Serialized files now loaded: 0)
System memory in use before: 61.0 MB.
System memory in use after: 61.1 MB.

Unloading 5 unused Assets to reduce memory usage. Loaded Objects now: 1743.
Total: 2.412400 ms (FindLiveObjects: 0.199600 ms CreateObjectMapping: 0.047300 ms MarkObjects: 2.099300 ms  DeleteObjects: 0.064100 ms)

========================================================================
Received Import Request.
  Time since last request: 92.860779 seconds.
  path: Assets/Prefabs/Agent Sphere.prefab
  artifactKey: Guid(7fa564e2eb5cd2840b2de605983bdc10) Importer(815301076,1909f56bfc062723c751e8b465ee728b)
Start importing Assets/Prefabs/Agent Sphere.prefab using Guid(7fa564e2eb5cd2840b2de605983bdc10) Importer(815301076,1909f56bfc062723c751e8b465ee728b)  -> (artifact id: '5d40dfa8ba0fe5f82fc5be33ee0bc775') in 0.087736 seconds
  Import took 0.090529 seconds .

========================================================================
Received Prepare
Registering precompiled user dll's ...
Registered in 0.000714 seconds.
Begin MonoManager ReloadAssembly
Native extension for WindowsStandalone target not found
Refreshing native plugins compatible for Editor in 0.20 ms, found 0 plugins.
Preloading 0 native plugins for Editor in 0.00 ms.
Mono: successfully reloaded assembly
- Completed reload, in  0.891 seconds
Platform modules already initialized, skipping
Refreshing native plugins compatible for Editor in 0.20 ms, found 0 plugins.
Preloading 0 native plugins for Editor in 0.00 ms.
Unloading 1113 Unused Serialized files (Serialized files now loaded: 0)
System memory in use before: 61.0 MB.
System memory in use after: 61.1 MB.

Unloading 5 unused Assets to reduce memory usage. Loaded Objects now: 1747.
Total: 2.093500 ms (FindLiveObjects: 0.158100 ms CreateObjectMapping: 0.038000 ms MarkObjects: 1.795300 ms  DeleteObjects: 0.101200 ms)

========================================================================
Received Prepare
Registering precompiled user dll's ...
Registered in 0.000733 seconds.
Begin MonoManager ReloadAssembly
Native extension for WindowsStandalone target not found
Refreshing native plugins compatible for Editor in 0.22 ms, found 0 plugins.
Preloading 0 native plugins for Editor in 0.00 ms.
Mono: successfully reloaded assembly
- Completed reload, in  0.941 seconds
Platform modules already initialized, skipping
Refreshing native plugins compatible for Editor in 0.23 ms, found 0 plugins.
Preloading 0 native plugins for Editor in 0.00 ms.
Unloading 1113 Unused Serialized files (Serialized files now loaded: 0)
System memory in use before: 61.0 MB.
System memory in use after: 61.1 MB.

Unloading 5 unused Assets to reduce memory usage. Loaded Objects now: 1750.
Total: 2.399700 ms (FindLiveObjects: 0.280200 ms CreateObjectMapping: 0.089300 ms MarkObjects: 1.914400 ms  DeleteObjects: 0.114700 ms)

========================================================================
Received Prepare
Registering precompiled user dll's ...
Registered in 0.000750 seconds.
Begin MonoManager ReloadAssembly
Native extension for WindowsStandalone target not found
Refreshing native plugins compatible for Editor in 0.21 ms, found 0 plugins.
Preloading 0 native plugins for Editor in 0.00 ms.
Mono: successfully reloaded assembly
- Completed reload, in  0.943 seconds
Platform modules already initialized, skipping
Refreshing native plugins compatible for Editor in 0.23 ms, found 0 plugins.
Preloading 0 native plugins for Editor in 0.00 ms.
Unloading 1113 Unused Serialized files (Serialized files now loaded: 0)
System memory in use before: 61.0 MB.
System memory in use after: 61.1 MB.

Unloading 5 unused Assets to reduce memory usage. Loaded Objects now: 1753.
Total: 2.487700 ms (FindLiveObjects: 0.301900 ms CreateObjectMapping: 0.060000 ms MarkObjects: 2.011800 ms  DeleteObjects: 0.112300 ms)

========================================================================
Received Prepare
Registering precompiled user dll's ...
Registered in 0.001194 seconds.
Begin MonoManager ReloadAssembly
Native extension for WindowsStandalone target not found
Refreshing native plugins compatible for Editor in 0.26 ms, found 0 plugins.
Preloading 0 native plugins for Editor in 0.00 ms.
Mono: successfully reloaded assembly
- Completed reload, in  1.110 seconds
Platform modules already initialized, skipping
Refreshing native plugins compatible for Editor in 0.32 ms, found 0 plugins.
Preloading 0 native plugins for Editor in 0.00 ms.
Unloading 1113 Unused Serialized files (Serialized files now loaded: 0)
System memory in use before: 61.0 MB.
System memory in use after: 61.1 MB.

Unloading 5 unused Assets to reduce memory usage. Loaded Objects now: 1756.
Total: 2.671400 ms (FindLiveObjects: 0.341200 ms CreateObjectMapping: 0.142100 ms MarkObjects: 2.078500 ms  DeleteObjects: 0.108100 ms)

========================================================================
Received Prepare
Registering precompiled user dll's ...
Registered in 0.001541 seconds.
Begin MonoManager ReloadAssembly
Native extension for WindowsStandalone target not found
Refreshing native plugins compatible for Editor in 0.21 ms, found 0 plugins.
Preloading 0 native plugins for Editor in 0.00 ms.
Mono: successfully reloaded assembly
- Completed reload, in  1.081 seconds
Platform modules already initialized, skipping
Refreshing native plugins compatible for Editor in 0.26 ms, found 0 plugins.
Preloading 0 native plugins for Editor in 0.00 ms.
Unloading 1113 Unused Serialized files (Serialized files now loaded: 0)
System memory in use before: 61.0 MB.
System memory in use after: 61.1 MB.

Unloading 5 unused Assets to reduce memory usage. Loaded Objects now: 1759.
Total: 2.638800 ms (FindLiveObjects: 0.338300 ms CreateObjectMapping: 0.094800 ms MarkObjects: 2.141100 ms  DeleteObjects: 0.062800 ms)

========================================================================
Received Prepare
Registering precompiled user dll's ...
Registered in 0.000808 seconds.
Begin MonoManager ReloadAssembly
Native extension for WindowsStandalone target not found
Refreshing native plugins compatible for Editor in 0.20 ms, found 0 plugins.
Preloading 0 native plugins for Editor in 0.00 ms.
Mono: successfully reloaded assembly
- Completed reload, in  0.881 seconds
Platform modules already initialized, skipping
Refreshing native plugins compatible for Editor in 0.26 ms, found 0 plugins.
Preloading 0 native plugins for Editor in 0.00 ms.
Unloading 1113 Unused Serialized files (Serialized files now loaded: 0)
System memory in use before: 61.0 MB.
System memory in use after: 61.1 MB.

Unloading 5 unused Assets to reduce memory usage. Loaded Objects now: 1762.
Total: 2.093800 ms (FindLiveObjects: 0.182100 ms CreateObjectMapping: 0.044600 ms MarkObjects: 1.780200 ms  DeleteObjects: 0.085600 ms)

========================================================================
Received Prepare
Registering precompiled user dll's ...
Registered in 0.001468 seconds.
Begin MonoManager ReloadAssembly
Native extension for WindowsStandalone target not found
Refreshing native plugins compatible for Editor in 0.21 ms, found 0 plugins.
Preloading 0 native plugins for Editor in 0.00 ms.
Mono: successfully reloaded assembly
- Completed reload, in  1.002 seconds
Platform modules already initialized, skipping
Refreshing native plugins compatible for Editor in 0.20 ms, found 0 plugins.
Preloading 0 native plugins for Editor in 0.00 ms.
Unloading 1113 Unused Serialized files (Serialized files now loaded: 0)
System memory in use before: 61.0 MB.
System memory in use after: 61.1 MB.

Unloading 5 unused Assets to reduce memory usage. Loaded Objects now: 1765.
Total: 2.229500 ms (FindLiveObjects: 0.165700 ms CreateObjectMapping: 0.057600 ms MarkObjects: 1.910900 ms  DeleteObjects: 0.094200 ms)

========================================================================
Received Prepare
Registering precompiled user dll's ...
Registered in 0.001672 seconds.
Begin MonoManager ReloadAssembly
Native extension for WindowsStandalone target not found
Refreshing native plugins compatible for Editor in 0.20 ms, found 0 plugins.
Preloading 0 native plugins for Editor in 0.00 ms.
Mono: successfully reloaded assembly
- Completed reload, in  0.957 seconds
Platform modules already initialized, skipping
Refreshing native plugins compatible for Editor in 0.20 ms, found 0 plugins.
Preloading 0 native plugins for Editor in 0.00 ms.
Unloading 1113 Unused Serialized files (Serialized files now loaded: 0)
System memory in use before: 61.0 MB.
System memory in use after: 61.1 MB.

Unloading 5 unused Assets to reduce memory usage. Loaded Objects now: 1768.
Total: 2.232500 ms (FindLiveObjects: 0.247300 ms CreateObjectMapping: 0.067100 ms MarkObjects: 1.811300 ms  DeleteObjects: 0.105600 ms)

========================================================================
Received Prepare
Registering precompiled user dll's ...
Registered in 0.000979 seconds.
Begin MonoManager ReloadAssembly
Native extension for WindowsStandalone target not found
Refreshing native plugins compatible for Editor in 0.20 ms, found 0 plugins.
Preloading 0 native plugins for Editor in 0.00 ms.
Mono: successfully reloaded assembly
- Completed reload, in  0.953 seconds
Platform modules already initialized, skipping
Refreshing native plugins compatible for Editor in 0.35 ms, found 0 plugins.
Preloading 0 native plugins for Editor in 0.00 ms.
Unloading 1113 Unused Serialized files (Serialized files now loaded: 0)
System memory in use before: 61.0 MB.
System memory in use after: 61.1 MB.

Unloading 5 unused Assets to reduce memory usage. Loaded Objects now: 1771.
Total: 2.430200 ms (FindLiveObjects: 0.306700 ms CreateObjectMapping: 0.104400 ms MarkObjects: 1.898700 ms  DeleteObjects: 0.119100 ms)

========================================================================
Received Prepare
Registering precompiled user dll's ...
Registered in 0.001107 seconds.
Begin MonoManager ReloadAssembly
Native extension for WindowsStandalone target not found
Refreshing native plugins compatible for Editor in 0.20 ms, found 0 plugins.
Preloading 0 native plugins for Editor in 0.00 ms.
Mono: successfully reloaded assembly
- Completed reload, in  0.907 seconds
Platform modules already initialized, skipping
Refreshing native plugins compatible for Editor in 0.20 ms, found 0 plugins.
Preloading 0 native plugins for Editor in 0.00 ms.
Unloading 1113 Unused Serialized files (Serialized files now loaded: 0)
System memory in use before: 61.0 MB.
System memory in use after: 61.1 MB.

Unloading 5 unused Assets to reduce memory usage. Loaded Objects now: 1774.
Total: 2.219900 ms (FindLiveObjects: 0.233000 ms CreateObjectMapping: 0.057100 ms MarkObjects: 1.832700 ms  DeleteObjects: 0.095900 ms)

========================================================================
Received Prepare
Registering precompiled user dll's ...
Registered in 0.001001 seconds.
Begin MonoManager ReloadAssembly
Native extension for WindowsStandalone target not found
Refreshing native plugins compatible for Editor in 0.27 ms, found 0 plugins.
Preloading 0 native plugins for Editor in 0.00 ms.
Mono: successfully reloaded assembly
- Completed reload, in  1.139 seconds
Platform modules already initialized, skipping
Refreshing native plugins compatible for Editor in 0.21 ms, found 0 plugins.
Preloading 0 native plugins for Editor in 0.00 ms.
Unloading 1113 Unused Serialized files (Serialized files now loaded: 0)
System memory in use before: 61.0 MB.
System memory in use after: 61.1 MB.

Unloading 5 unused Assets to reduce memory usage. Loaded Objects now: 1777.
Total: 2.056100 ms (FindLiveObjects: 0.169200 ms CreateObjectMapping: 0.046200 ms MarkObjects: 1.788600 ms  DeleteObjects: 0.050300 ms)

========================================================================
Received Import Request.
  Time since last request: 1330.710049 seconds.
  path: Assets/Animations/Agent/Agent Animator Controller.controller
  artifactKey: Guid(6fcffec33f8eb424db538ff7d7ba1557) Importer(815301076,1909f56bfc062723c751e8b465ee728b)
Start importing Assets/Animations/Agent/Agent Animator Controller.controller using Guid(6fcffec33f8eb424db538ff7d7ba1557) Importer(815301076,1909f56bfc062723c751e8b465ee728b)  -> (artifact id: '53fcd1cfb25ed2ce8a2ce40fe678944c') in 0.016789 seconds
  Import took 0.019236 seconds .

========================================================================
Received Import Request.
  Time since last request: 0.001305 seconds.
  path: Assets/Animations/Agent/Agent Animator Controller.controller
  artifactKey: Guid(6fcffec33f8eb424db538ff7d7ba1557) Importer(815301076,1909f56bfc062723c751e8b465ee728b)
Start importing Assets/Animations/Agent/Agent Animator Controller.controller using Guid(6fcffec33f8eb424db538ff7d7ba1557) Importer(815301076,1909f56bfc062723c751e8b465ee728b)  -> (artifact id: '53fcd1cfb25ed2ce8a2ce40fe678944c') in 0.006410 seconds
  Import took 0.008979 seconds .

AssetImportWorkerClient::OnTransportError - code=2 error=End of file
